<?xml version="1.0" encoding="UTF-8" ?>
<testsuite tests="13" failures="0" name="demo.Test2" time="0.015" errors="0" skipped="0">
  <properties>
    <property name="java.runtime.name" value="Java(TM) SE Runtime Environment"/>
    <property name="sun.boot.library.path" value="D:\WORKSPACE\INSTALLATIONS\JDK8\bin"/>
    <property name="java.vm.version" value="25.45-b02"/>
    <property name="java.vm.vendor" value="Oracle Corporation"/>
    <property name="maven.multiModuleProjectDirectory" value="D:\WORKSPACE\PROJECTS\ECLIPSE WS\PREP2020\demo"/>
    <property name="java.vendor.url" value="http://java.oracle.com/"/>
    <property name="path.separator" value=";"/>
    <property name="guice.disable.misplaced.annotation.check" value="true"/>
    <property name="java.vm.name" value="Java HotSpot(TM) 64-Bit Server VM"/>
    <property name="file.encoding.pkg" value="sun.io"/>
    <property name="user.script" value=""/>
    <property name="user.country" value="IN"/>
    <property name="sun.java.launcher" value="SUN_STANDARD"/>
    <property name="sun.os.patch.level" value=""/>
    <property name="java.vm.specification.name" value="Java Virtual Machine Specification"/>
    <property name="user.dir" value="D:\WORKSPACE\PROJECTS\ECLIPSE WS\PREP2020\demo"/>
    <property name="java.runtime.version" value="1.8.0_45-b15"/>
    <property name="java.awt.graphicsenv" value="sun.awt.Win32GraphicsEnvironment"/>
    <property name="java.endorsed.dirs" value="D:\WORKSPACE\INSTALLATIONS\JDK8\lib\endorsed"/>
    <property name="os.arch" value="amd64"/>
    <property name="java.io.tmpdir" value="C:\Users\HARRHY\AppData\Local\Temp\"/>
    <property name="line.separator" value="
"/>
    <property name="java.vm.specification.vendor" value="Oracle Corporation"/>
    <property name="user.variant" value=""/>
    <property name="os.name" value="Windows 8.1"/>
    <property name="classworlds.conf" value="D:\WORKSPACE\PROJECTS\ECLIPSE WS\PREP2020\.metadata\.plugins\org.eclipse.m2e.launching\launches\m2conf3141789489776997477.tmp"/>
    <property name="sun.jnu.encoding" value="Cp1252"/>
    <property name="java.library.path" value="D:\WORKSPACE\INSTALLATIONS\JDK8\bin;C:\WINDOWS\Sun\Java\bin;C:\WINDOWS\system32;C:\WINDOWS;D:/WORKSPACE/INSTALLATIONS/JDK8/bin/server;D:/WORKSPACE/INSTALLATIONS/JDK8/bin;D:/WORKSPACE/INSTALLATIONS/JDK8/lib/amd64;D:\WORKSPACE\INSTALLATIONS\JDK8\bin;C:\Program Files\Microsoft MPI\Bin\;C:\PROGRAM FILES (X86)\INTEL\ICLS CLIENT\;C:\PROGRAM FILES\INTEL\ICLS CLIENT\;C:\WINDOWS\SYSTEM32;C:\WINDOWS;C:\WINDOWS\SYSTEM32\WBEM;C:\WINDOWS\SYSTEM32\WINDOWSPOWERSHELL\V1.0\;C:\PROGRAM FILES (X86)\WINDOWS LIVE\SHARED;C:\PROGRAM FILES\INTEL\INTEL(R) MANAGEMENT ENGINE COMPONENTS\DAL;C:\PROGRAM FILES\INTEL\INTEL(R) MANAGEMENT ENGINE COMPONENTS\IPT;C:\PROGRAM FILES (X86)\INTEL\INTEL(R) MANAGEMENT ENGINE COMPONENTS\DAL;C:\PROGRAM FILES (X86)\INTEL\INTEL(R) MANAGEMENT ENGINE COMPONENTS\IPT;C:\PROGRAM FILES (X86)\GOOGLE\GOOGLE APPS SYNC\;C:\ADB;C:\WINDOWS\system32;C:\WINDOWS;C:\WINDOWS\System32\Wbem;C:\WINDOWS\System32\WindowsPowerShell\v1.0\;C:\Program Files (x86)\Common Files\lenovo\easyplussdk\bin;C:\Android;C:\Windows\System32;C:\WINDOWS\System32\OpenSSH\;C:\Program Files\Hewlett-Packard\SimplePass\;D:\WORKSPACE\INSTALLATIONS\PostgreSQL\bin;D:\WORKSPACE\INSTALLATIONS\SVN\bin;D:\WORKSPACE\PROJECTS\REPOSITORIES\1-TARANG PROJECTS\ANT-1.6.5\bin;C:\Program Files\nodejs\;D:\WORKSPACE\INSTALLATIONS\GRADLE\gradle-6.5\bin;C:\Users\HARRHY\AppData\Local\Microsoft\WindowsApps;C:\Users\HARRHY\AppData\Roaming\Dashlane\4.6.8.25848\bin\Firefox_Extension\{442718d9-475e-452a-b3e1-fb1ee16b8e9f}\components;D:\WORKSPACE\INSTALLATIONS\apache-ant-1.9.15\bin;C:\Users\HARRHY\AppData\Roaming\npm;D:\WORKSPACE\INSTALLATIONS\MAVEN_3.6\bin;;D:\WORKSPACE\INSTALLATIONS\ECLIPSE_JEE_2020_03\eclipse;;."/>
    <property name="java.specification.name" value="Java Platform API Specification"/>
    <property name="java.class.version" value="52.0"/>
    <property name="sun.management.compiler" value="HotSpot 64-Bit Tiered Compilers"/>
    <property name="os.version" value="6.3"/>
    <property name="user.home" value="C:\Users\HARRHY"/>
    <property name="user.timezone" value="Asia/Calcutta"/>
    <property name="java.awt.printerjob" value="sun.awt.windows.WPrinterJob"/>
    <property name="java.specification.version" value="1.8"/>
    <property name="file.encoding" value="Cp1252"/>
    <property name="user.name" value="HARRHY"/>
    <property name="java.class.path" value="D:\WORKSPACE\INSTALLATIONS\MAVEN_3.6\boot\plexus-classworlds-2.6.0.jar"/>
    <property name="java.vm.specification.version" value="1.8"/>
    <property name="sun.arch.data.model" value="64"/>
    <property name="java.home" value="D:\WORKSPACE\INSTALLATIONS\JDK8"/>
    <property name="sun.java.command" value="org.codehaus.plexus.classworlds.launcher.Launcher -B -gs D:\WORKSPACE\INSTALLATIONS\MAVEN_3.6\conf\settings.xml -s D:\WORKSPACE\INSTALLATIONS\MAVEN_3.6\conf\settings.xml test"/>
    <property name="java.specification.vendor" value="Oracle Corporation"/>
    <property name="user.language" value="en"/>
    <property name="awt.toolkit" value="sun.awt.windows.WToolkit"/>
    <property name="java.vm.info" value="mixed mode"/>
    <property name="java.version" value="1.8.0_45"/>
    <property name="java.ext.dirs" value="D:\WORKSPACE\INSTALLATIONS\JDK8\lib\ext;C:\WINDOWS\Sun\Java\lib\ext"/>
    <property name="sun.boot.class.path" value="D:\WORKSPACE\INSTALLATIONS\JDK8\lib\resources.jar;D:\WORKSPACE\INSTALLATIONS\JDK8\lib\rt.jar;D:\WORKSPACE\INSTALLATIONS\JDK8\lib\sunrsasign.jar;D:\WORKSPACE\INSTALLATIONS\JDK8\lib\jsse.jar;D:\WORKSPACE\INSTALLATIONS\JDK8\lib\jce.jar;D:\WORKSPACE\INSTALLATIONS\JDK8\lib\charsets.jar;D:\WORKSPACE\INSTALLATIONS\JDK8\lib\jfr.jar;D:\WORKSPACE\INSTALLATIONS\JDK8\classes"/>
    <property name="java.vendor" value="Oracle Corporation"/>
    <property name="maven.home" value="D:\WORKSPACE\INSTALLATIONS\MAVEN_3.6"/>
    <property name="file.separator" value="\"/>
    <property name="java.vendor.url.bug" value="http://bugreport.sun.com/bugreport/"/>
    <property name="sun.cpu.endian" value="little"/>
    <property name="sun.io.unicode.encoding" value="UnicodeLittle"/>
    <property name="sun.desktop" value="windows"/>
    <property name="sun.cpu.isalist" value="amd64"/>
  </properties>
  <testcase classname="demo.Test2" name="testMain" time="0.01"/>
  <testcase classname="demo.Test2" name="testObject" time="0"/>
  <testcase classname="demo.Test2" name="testGetClass" time="0"/>
  <testcase classname="demo.Test2" name="testHashCode" time="0"/>
  <testcase classname="demo.Test2" name="testEquals" time="0"/>
  <testcase classname="demo.Test2" name="testWaitLong" time="0.001"/>
  <testcase classname="demo.Test2" name="testNotify" time="0"/>
  <testcase classname="demo.Test2" name="testClone" time="0"/>
  <testcase classname="demo.Test2" name="testNotifyAll" time="0.001"/>
  <testcase classname="demo.Test2" name="testWait" time="0.001"/>
  <testcase classname="demo.Test2" name="testFinalize" time="0"/>
  <testcase classname="demo.Test2" name="testWaitLongInt" time="0.001"/>
  <testcase classname="demo.Test2" name="testToString" time="0.001"/>
</testsuite>