<?xml version="1.0" encoding="UTF-8" ?>
<testsuite errors="0" failures="0" hostname="ltw7-engg-rajesh" name="easymockproject.ClassTestedTest" tests="3" time="0.092" timestamp="2010-09-09T14:00:19">
  <properties>
    <property name="libs.jsp-compiler.javadoc" value="" />
    <property name="netbeans.autoupdate.country" value="US" />
    <property name="javac.test.classpath" value="E:\zip\easymock-2.5.2\easymock-2.5.2.jar:E:\ProgramFiles\NetBeans\NetBeans 6.9\platform\modules\ext\junit-4.5.jar:build/classes:E:\ProgramFiles\NetBeans\NetBeans 6.9\platform\modules\ext\junit-4.5.jar" />
    <property name="libs.jsf20.maven-pom" value="" />
    <property name="libs.junit.javadoc" value="E:\ProgramFiles\NetBeans\NetBeans 6.9\java\docs\junit-3.8.2-api.zip" />
    <property name="ant.core.lib" value="E:\ProgramFiles\NetBeans\NetBeans 6.9\java\ant\lib\ant.jar" />
    <property name="libs.swing-app-framework.src" value="" />
    <property name="javadoc.windowtitle" value="" />
    <property name="libs.toplink.classpath" value="E:\ProgramFiles\NetBeans\NetBeans 6.9\java\modules\ext\toplink\toplink-essentials.jar;E:\ProgramFiles\NetBeans\NetBeans 6.9\java\modules\ext\toplink\toplink-essentials-agent.jar" />
    <property name="libs.jsp-compilation.javadoc" value="" />
    <property name="user.dir" value="E:\Workspaces\MySpace\NetBeansProjects\EasyMockProject" />
    <property name="libs.hibernate-persistence.javadoc" value="" />
    <property name="java.vm.version" value="16.3-b01" />
    <property name="libs.jstl11.maven-pom" value="" />
    <property name="libs.MySQLDriver.classpath" value="E:\ProgramFiles\NetBeans\NetBeans 6.9\ide\modules\ext\mysql-connector-java-5.1.6-bin.jar" />
    <property name="libs.jstl11.src" value="" />
    <property name="javadoc.notree" value="false" />
    <property name="netbeans.autoupdate.version" value="1.23" />
    <property name="libs.javaee-web-api-6.0.classpath" value="E:\ProgramFiles\NetBeans\NetBeans 6.9\enterprise\modules\ext\javaee-web-api-6.0.jar" />
    <property name="libs.hibernate-support.maven-pom" value="" />
    <property name="libs.hibernate-support.javadoc" value="" />
    <property name="jdk.home" value="C:\Program Files\Java\jdk1.6.0_20" />
    <property name="libs.javac-api.src" value="" />
    <property name="javadoc.noindex" value="false" />
    <property name="sun.os.patch.level" value="" />
    <property name="do.archive+manifest.available" value="true" />
    <property name="java.vm.specification.name" value="Java Virtual Machine Specification" />
    <property name="nb.show.statistics.ui" value="usageStatisticsEnabled" />
    <property name="netbeans.autoupdate.variant" value="" />
    <property name="have.tests" value="true" />
    <property name="org.xml.sax.driver" value="com.sun.org.apache.xerces.internal.jaxp.SAXParserImpl$JAXPSAXParser" />
    <property name="libs.javac-api.javadoc" value="" />
    <property name="os.name" value="Windows 7" />
    <property name="libs.beans-binding.classpath" value="E:\ProgramFiles\NetBeans\NetBeans 6.9\java\modules\ext\beansbinding-1.2.1.jar" />
    <property name="libs.restapi.javadoc" value="E:\ProgramFiles\NetBeans\NetBeans 6.9\enterprise\docs\jsr311-api-1.1.1-javadoc.zip" />
    <property name="libs.JWSAntTasks.maven-pom" value="" />
    <property name="libs.spring-webmvc3.0.src" value="" />
    <property name="libs.restapi.classpath" value="E:\ProgramFiles\NetBeans\NetBeans 6.9\enterprise\modules\ext\rest\jsr311-api-1.1.1.jar" />
    <property name="java.vendor.url.bug" value="http://java.sun.com/cgi-bin/bugreport.cgi" />
    <property name="libs.jaxb.maven-pom" value="" />
    <property name="os.arch" value="amd64" />
    <property name="libs.eclipselink.src" value="" />
    <property name="user.name" value="somasundaram" />
    <property name="libs.jsf12.javadoc" value="E:\ProgramFiles\NetBeans\NetBeans 6.9\enterprise\docs\javaee6-doc-api.zip" />
    <property name="manifest.available+main.class" value="true" />
    <property name="libs.spring-webmvc3.0.maven-pom" value="" />
    <property name="libs.swing-layout.maven-pom" value="" />
    <property name="build.classes.dir" value="build/classes" />
    <property name="netbeans.accept_license_class" value="org.netbeans.license.AcceptLicense" />
    <property name="build.sysclasspath" value="ignore" />
    <property name="libs.jaxws21.javadoc" value="E:\ProgramFiles\NetBeans\NetBeans 6.9\java\docs\jaxws-api-doc.zip" />
    <property name="includes" value="**" />
    <property name="user.country" value="US" />
    <property name="manifest.file" value="manifest.mf" />
    <property name="libs.jstl11.javadoc" value="E:\ProgramFiles\NetBeans\NetBeans 6.9\enterprise\docs\javaee6-doc-api.zip" />
    <property name="javadoc.encoding" value="UTF-8" />
    <property name="javac.classpath" value="E:\zip\easymock-2.5.2\easymock-2.5.2.jar:E:\ProgramFiles\NetBeans\NetBeans 6.9\platform\modules\ext\junit-4.5.jar" />
    <property name="debug-transport" value="dt_shmem" />
    <property name="netbeans.home" value="E:\ProgramFiles\NetBeans\NetBeans 6.9\platform" />
    <property name="build.compiler.emacs" value="true" />
    <property name="libs.javaee-web-api-6.0.src" value="" />
    <property name="libs.ejb3-persistence.src" value="" />
    <property name="java.endorsed.dirs" value="C:\Program Files\Java\jdk1.6.0_20\jre\lib\endorsed" />
    <property name="netbeans.dynamic.classpath" value="E:\ProgramFiles\NetBeans\NetBeans 6.9\platform\core\core.jar;E:\ProgramFiles\NetBeans\NetBeans 6.9\platform\core\org-openide-filesystems.jar;E:\ProgramFiles\NetBeans\NetBeans 6.9\platform\core\locale\core_ja.jar;E:\ProgramFiles\NetBeans\NetBeans 6.9\platform\core\locale\core_pt_BR.jar;E:\ProgramFiles\NetBeans\NetBeans 6.9\platform\core\locale\core_zh_CN.jar;E:\ProgramFiles\NetBeans\NetBeans 6.9\platform\core\locale\org-openide-filesystems_ja.jar;E:\ProgramFiles\NetBeans\NetBeans 6.9\platform\core\locale\org-openide-filesystems_pt_BR.jar;E:\ProgramFiles\NetBeans\NetBeans 6.9\platform\core\locale\org-openide-filesystems_zh_CN.jar;E:\ProgramFiles\NetBeans\NetBeans 6.9\nb\core\org-netbeans-upgrader.jar;E:\ProgramFiles\NetBeans\NetBeans 6.9\nb\core\locale\core_nb.jar;E:\ProgramFiles\NetBeans\NetBeans 6.9\nb\core\locale\core_nb_ja.jar;E:\ProgramFiles\NetBeans\NetBeans 6.9\nb\core\locale\core_nb_pt_BR.jar;E:\ProgramFiles\NetBeans\NetBeans 6.9\nb\core\locale\core_nb_zh_CN.jar;E:\ProgramFiles\NetBeans\NetBeans 6.9\nb\core\locale\org-netbeans-upgrader_ja.jar;E:\ProgramFiles\NetBeans\NetBeans 6.9\nb\core\locale\org-netbeans-upgrader_pt_BR.jar;E:\ProgramFiles\NetBeans\NetBeans 6.9\nb\core\locale\org-netbeans-upgrader_zh_CN.jar" />
    <property name="java.vm.specification.version" value="1.0" />
    <property name="libs.javaee-api-6.0.classpath" value="E:\ProgramFiles\NetBeans\NetBeans 6.9\enterprise\modules\ext\javaee-api-6.0.jar" />
    <property name="libs.hibernate-persistence.classpath" value="E:\ProgramFiles\NetBeans\NetBeans 6.9\java\modules\ext\hibernate\antlr-2.7.6.jar;E:\ProgramFiles\NetBeans\NetBeans 6.9\java\modules\ext\hibernate\asm.jar;E:\ProgramFiles\NetBeans\NetBeans 6.9\java\modules\ext\hibernate\asm-attrs.jar;E:\ProgramFiles\NetBeans\NetBeans 6.9\java\modules\ext\hibernate\cglib-2.1.3.jar;E:\ProgramFiles\NetBeans\NetBeans 6.9\java\modules\ext\hibernate\commons-collections-2.1.1.jar;E:\ProgramFiles\NetBeans\NetBeans 6.9\ide\modules\ext\commons-logging-1.1.jar;E:\ProgramFiles\NetBeans\NetBeans 6.9\java\modules\ext\hibernate\dom4j-1.6.1.jar;E:\ProgramFiles\NetBeans\NetBeans 6.9\java\modules\ext\hibernate\ehcache-1.2.3.jar;E:\ProgramFiles\NetBeans\NetBeans 6.9\java\modules\ext\hibernate\jdbc2_0-stdext.jar;E:\ProgramFiles\NetBeans\NetBeans 6.9\java\modules\ext\hibernate\jta.jar;E:\ProgramFiles\NetBeans\NetBeans 6.9\java\modules\ext\hibernate\hibernate3.jar;E:\ProgramFiles\NetBeans\NetBeans 6.9\java\modules\ext\hibernate\hibernate-tools.jar;E:\ProgramFiles\NetBeans\NetBeans 6.9\java\modules\ext\hibernate\hibernate-annotations.jar;E:\ProgramFiles\NetBeans\NetBeans 6.9\java\modules\ext\hibernate\hibernate-commons-annotations.jar;E:\ProgramFiles\NetBeans\NetBeans 6.9\java\modules\ext\hibernate\hibernate-entitymanager.jar;E:\ProgramFiles\NetBeans\NetBeans 6.9\java\modules\ext\hibernate\javassist.jar;E:\ProgramFiles\NetBeans\NetBeans 6.9\java\modules\ext\hibernate\ejb3-persistence.jar" />
    <property name="libs.jaxws21.src" value="" />
    <property name="do.archive" value="true" />
    <property name="libs.swing-app-framework.classpath" value="E:\ProgramFiles\NetBeans\NetBeans 6.9\java\modules\ext\appframework-1.0.3.jar;E:\ProgramFiles\NetBeans\NetBeans 6.9\java\modules\ext\swing-worker-1.1.jar" />
    <property name="netbeans.autoupdate.language" value="en" />
    <property name="java.vendor" value="Sun Microsystems Inc." />
    <property name="libs.javaee-api-6.0.javadoc" value="E:\ProgramFiles\NetBeans\NetBeans 6.9\enterprise\docs\javaee6-doc-api.zip" />
    <property name="javac.debug" value="true" />
    <property name="javadoc.splitindex" value="true" />
    <property name="file.separator" value="\" />
    <property name="libs.IdentityAntTasks.src" value="" />
    <property name="libs.junit_4.maven-pom" value="" />
    <property name="javac.test.processorpath" value="E:\zip\easymock-2.5.2\easymock-2.5.2.jar:E:\ProgramFiles\NetBeans\NetBeans 6.9\platform\modules\ext\junit-4.5.jar:build/classes:E:\ProgramFiles\NetBeans\NetBeans 6.9\platform\modules\ext\junit-4.5.jar" />
    <property name="netbeans.buildnumber" value="201006101454" />
    <property name="libs.JWSAntTasks.javadoc" value="" />
    <property name="build.generated.sources.dir" value="build/generated-sources" />
    <property name="user.variant" value="" />
    <property name="sun.java.launcher" value="SUN_STANDARD" />
    <property name="libs.junit.classpath" value="E:\ProgramFiles\NetBeans\NetBeans 6.9\java\modules\ext\junit-3.8.2.jar" />
    <property name="libs.jaxb.javadoc" value="E:\ProgramFiles\NetBeans\NetBeans 6.9\ide\docs\jaxb-api-doc.zip" />
    <property name="libs.struts.classpath" value="E:\ProgramFiles\NetBeans\NetBeans 6.9\enterprise\modules\ext\struts\antlr-2.7.2.jar;E:\ProgramFiles\NetBeans\NetBeans 6.9\enterprise\modules\ext\struts\bsf-2.3.0.jar;E:\ProgramFiles\NetBeans\NetBeans 6.9\enterprise\modules\ext\struts\commons-beanutils-1.7.0.jar;E:\ProgramFiles\NetBeans\NetBeans 6.9\enterprise\modules\ext\struts\commons-chain-1.1.jar;E:\ProgramFiles\NetBeans\NetBeans 6.9\enterprise\modules\ext\struts\commons-digester-1.8.jar;E:\ProgramFiles\NetBeans\NetBeans 6.9\enterprise\modules\ext\struts\commons-fileupload-1.1.1.jar;E:\ProgramFiles\NetBeans\NetBeans 6.9\enterprise\modules\ext\struts\commons-io-1.1.jar;E:\ProgramFiles\NetBeans\NetBeans 6.9\enterprise\modules\ext\struts\commons-logging-1.0.4.jar;E:\ProgramFiles\NetBeans\NetBeans 6.9\enterprise\modules\ext\struts\commons-validator-1.3.1.jar;E:\ProgramFiles\NetBeans\NetBeans 6.9\enterprise\modules\ext\struts\jstl-1.0.2.jar;E:\ProgramFiles\NetBeans\NetBeans 6.9\enterprise\modules\ext\struts\oro-2.0.8.jar;E:\ProgramFiles\NetBeans\NetBeans 6.9\enterprise\modules\ext\struts\standard-1.0.2.jar;E:\ProgramFiles\NetBeans\NetBeans 6.9\enterprise\modules\ext\struts\struts-core-1.3.8.jar;E:\ProgramFiles\NetBeans\NetBeans 6.9\enterprise\modules\ext\struts\struts-el-1.3.8.jar;E:\ProgramFiles\NetBeans\NetBeans 6.9\enterprise\modules\ext\struts\struts-extras-1.3.8.jar;E:\ProgramFiles\NetBeans\NetBeans 6.9\enterprise\modules\ext\struts\struts-faces-1.3.8.jar;E:\ProgramFiles\NetBeans\NetBeans 6.9\enterprise\modules\ext\struts\struts-mailreader-dao-1.3.8.jar;E:\ProgramFiles\NetBeans\NetBeans 6.9\enterprise\modules\ext\struts\struts-scripting-1.3.8.jar;E:\ProgramFiles\NetBeans\NetBeans 6.9\enterprise\modules\ext\struts\struts-taglib-1.3.8.jar;E:\ProgramFiles\NetBeans\NetBeans 6.9\enterprise\modules\ext\struts\struts-tiles-1.3.8.jar" />
    <property name="ant.home" value="E:\ProgramFiles\NetBeans\NetBeans 6.9\java\ant" />
    <property name="libs.junit_4.src" value="E:\ProgramFiles\NetBeans\NetBeans 6.9\java\docs\junit-4.5-src.jar" />
    <property name="do.archive+manifest.available+main.class+mkdist.available" value="true" />
    <property name="libs.absolutelayout.maven-pom" value="" />
    <property name="ant.java.version" value="1.6" />
    <property name="java.library.path" value="C:\Program Files\Java\jdk1.6.0_20\jre\bin;.;C:\Windows\Sun\Java\bin;C:\Windows\system32;C:\Windows;E:\ProgramFiles\oraclexe\app\oracle\product\10.2.0\server\bin;E:\oracle\product\10.2.0\client_1\bin;C:\Windows\system32;C:\Windows;C:\Windows\System32\Wbem;C:\Windows\System32\WindowsPowerShell\v1.0\;C:\Program Files\Dell\DW WLAN Card;E:\ProgramFiles\TortoiseSVN\bin;C:\Program Files (x86)\QuickTime\QTSystem\;E:\ProgramFiles\Sun\SDK\bin" />
    <property name="javadoc.author" value="false" />
    <property name="libs.metro.maven-pom" value="" />
    <property name="libs.IdentityAntTasks.classpath" value="E:\ProgramFiles\NetBeans\NetBeans 6.9\identity\ant\nblib\org-netbeans-modules-identity-ant.jar;E:\ProgramFiles\NetBeans\NetBeans 6.9\identity\modules\org-netbeans-modules-identity-profile-api.jar" />
    <property name="java.util.logging.config.class" value="org.netbeans.core.startup.TopLogging" />
    <property name="libs.PostgreSQLDriver.src" value="" />
    <property name="sun.arch.data.model" value="64" />
    <property name="basedir" value="E:\Workspaces\MySpace\NetBeansProjects\EasyMockProject" />
    <property name="jar.compress" value="false" />
    <property name="libs.jstl11.classpath" value="E:\ProgramFiles\NetBeans\NetBeans 6.9\enterprise\modules\ext\standard.jar;E:\ProgramFiles\NetBeans\NetBeans 6.9\enterprise\modules\ext\jstl.jar" />
    <property name="path.separator" value=";" />
    <property name="libs.javaee-web-api-6.0.javadoc" value="E:\ProgramFiles\NetBeans\NetBeans 6.9\enterprise\docs\javaee6-doc-api.zip" />
    <property name="sun.io.unicode.encoding" value="UnicodeLittle" />
    <property name="libs.jaxws21.classpath" value="E:\ProgramFiles\NetBeans\NetBeans 6.9\ide\modules\ext\jaxb\jaxb-impl.jar;E:\ProgramFiles\NetBeans\NetBeans 6.9\ide\modules\ext\jaxb\jaxb-xjc.jar;E:\ProgramFiles\NetBeans\NetBeans 6.9\java\modules\ext\jaxws22\FastInfoset.jar;E:\ProgramFiles\NetBeans\NetBeans 6.9\java\modules\ext\jaxws22\gmbal-api-only.jar;E:\ProgramFiles\NetBeans\NetBeans 6.9\java\modules\ext\jaxws22\http.jar;E:\ProgramFiles\NetBeans\NetBeans 6.9\java\modules\ext\jaxws22\jaxws-rt.jar;E:\ProgramFiles\NetBeans\NetBeans 6.9\java\modules\ext\jaxws22\jaxws-tools.jar;E:\ProgramFiles\NetBeans\NetBeans 6.9\java\modules\ext\jaxws22\management-api.jar;E:\ProgramFiles\NetBeans\NetBeans 6.9\java\modules\ext\jaxws22\mimepull.jar;E:\ProgramFiles\NetBeans\NetBeans 6.9\java\modules\ext\jaxws22\policy.jar;E:\ProgramFiles\NetBeans\NetBeans 6.9\java\modules\ext\jaxws22\saaj-impl.jar;E:\ProgramFiles\NetBeans\NetBeans 6.9\java\modules\ext\jaxws22\stax-ex.jar;E:\ProgramFiles\NetBeans\NetBeans 6.9\java\modules\ext\jaxws22\streambuffer.jar;E:\ProgramFiles\NetBeans\NetBeans 6.9\java\modules\ext\jaxws22\woodstox.jar;E:\ProgramFiles\NetBeans\NetBeans 6.9\java\modules\ext\jaxws22\api\jaxws-api.jar;E:\ProgramFiles\NetBeans\NetBeans 6.9\java\modules\ext\jaxws22\api\jsr181-api.jar;E:\ProgramFiles\NetBeans\NetBeans 6.9\java\modules\ext\jaxws22\api\jsr250-api.jar;E:\ProgramFiles\NetBeans\NetBeans 6.9\java\modules\ext\jaxws22\api\saaj-api.jar;E:\ProgramFiles\NetBeans\NetBeans 6.9\ide\modules\ext\jaxb\activation.jar;E:\ProgramFiles\NetBeans\NetBeans 6.9\ide\modules\ext\jaxb\api\jaxb-api.jar;E:\ProgramFiles\NetBeans\NetBeans 6.9\ide\modules\ext\jaxb\api\jsr173_api.jar" />
    <property name="libs.struts.src" value="" />
    <property name="compile.on.save" value="true" />
    <property name="user.language" value="en" />
    <property name="libs.spring-framework.classpath" value="E:\ProgramFiles\NetBeans\NetBeans 6.9\ide\modules\ext\commons-logging-1.1.jar;E:\ProgramFiles\NetBeans\NetBeans 6.9\java\modules\ext\cglib-2.2.jar;E:\ProgramFiles\NetBeans\NetBeans 6.9\java\modules\ext\spring\spring-2.5.6.SEC01.jar" />
    <property name="libs.eclipselink.maven-pom" value="" />
    <property name="manifest.available" value="true" />
    <property name="libs.spring-framework300.maven-pom" value="" />
    <property name="run.test.classpath" value="E:\zip\easymock-2.5.2\easymock-2.5.2.jar:E:\ProgramFiles\NetBeans\NetBeans 6.9\platform\modules\ext\junit-4.5.jar:build/classes:E:\ProgramFiles\NetBeans\NetBeans 6.9\platform\modules\ext\junit-4.5.jar:build/test/classes" />
    <property name="ant.project.invoked-targets" value="test" />
    <property name="useJavaUtilZip" value="true" />
    <property name="libs.swing-layout.javadoc" value="E:\ProgramFiles\NetBeans\NetBeans 6.9\platform\docs\swing-layout-1.0.4-doc.zip" />
    <property name="libs.swing-app-framework.javadoc" value="E:\ProgramFiles\NetBeans\NetBeans 6.9\java\docs\appframework-1.0.3-doc.zip" />
    <property name="libs.ejb3-persistence.maven-pom" value="" />
    <property name="https.nonProxyHosts" value="localhost|127.0.0.1|ltw7-engg-rajesh" />
    <property name="libs.PostgreSQLDriver.maven-pom" value="" />
    <property name="java.class.version" value="50.0" />
    <property name="libs.javaee-endorsed-api-6.0.src" value="" />
    <property name="netbeans.system_http_proxy" value="DIRECT" />
    <property name="libs.eclipselink.javadoc" value="E:\ProgramFiles\NetBeans\NetBeans 6.9\enterprise\docs\javaee6-doc-api.zip" />
    <property name="libs.jsp-compilation.maven-pom" value="" />
    <property name="user.properties.file" value="C:\Users\somasundaram\.netbeans\6.9\build.properties" />
    <property name="runtime.encoding" value="UTF-8" />
    <property name="libs.spring-framework.src" value="" />
    <property name="libs.javac-api.maven-pom" value="" />
    <property name="file.encoding.pkg" value="sun.io" />
    <property name="sun.cpu.endian" value="little" />
    <property name="libs.JWSAntTasks.classpath" value="E:\ProgramFiles\NetBeans\NetBeans 6.9\java\ant\extra\org-netbeans-modules-javawebstart-anttasks.jar" />
    <property name="libs.spring-framework300.src" value="" />
    <property name="empty.dir" value="E:\Workspaces\MySpace\NetBeansProjects\EasyMockProject\build\empty" />
    <property name="version-output" value="java version &quot;1.6" />
    <property name="javadoc.preview" value="true" />
    <property name="java.home" value="C:\Program Files\Java\jdk1.6.0_20\jre" />
    <property name="libs.jsp-compilation.src" value="" />
    <property name="libs.spring-webmvc.src" value="" />
    <property name="debug.test.classpath" value="E:\zip\easymock-2.5.2\easymock-2.5.2.jar:E:\ProgramFiles\NetBeans\NetBeans 6.9\platform\modules\ext\junit-4.5.jar:build/classes:E:\ProgramFiles\NetBeans\NetBeans 6.9\platform\modules\ext\junit-4.5.jar:build/test/classes" />
    <property name="libs.javaee-endorsed-api-6.0.classpath" value="E:\ProgramFiles\NetBeans\NetBeans 6.9\enterprise\modules\ext\javaee6-endorsed\javax.annotation.jar;E:\ProgramFiles\NetBeans\NetBeans 6.9\enterprise\modules\ext\javaee6-endorsed\jaxb-api-osgi.jar;E:\ProgramFiles\NetBeans\NetBeans 6.9\enterprise\modules\ext\javaee6-endorsed\webservices-api-osgi.jar" />
    <property name="libs.javaee-api-6.0.src" value="" />
    <property name="netbeans.importclass" value="org.netbeans.upgrade.AutoUpgrade" />
    <property name="ant.project.default-target" value="default" />
    <property name="annotation.processing.run.all.processors" value="true" />
    <property name="libs.toplink.maven-pom" value="" />
    <property name="libs.PostgreSQLDriver.javadoc" value="" />
    <property name="libs.restlib.classpath" value="E:\ProgramFiles\NetBeans\NetBeans 6.9\enterprise\modules\ext\rest\asm-3.1.jar;E:\ProgramFiles\NetBeans\NetBeans 6.9\enterprise\modules\ext\rest\jackson-core-asl-1.1.1.jar;E:\ProgramFiles\NetBeans\NetBeans 6.9\enterprise\modules\ext\rest\jersey-client-1.1.5.1.jar;E:\ProgramFiles\NetBeans\NetBeans 6.9\enterprise\modules\ext\rest\jersey-core-1.1.5.1.jar;E:\ProgramFiles\NetBeans\NetBeans 6.9\enterprise\modules\ext\rest\jersey-json-1.1.5.1.jar;E:\ProgramFiles\NetBeans\NetBeans 6.9\enterprise\modules\ext\rest\jersey-server-1.1.5.1.jar;E:\ProgramFiles\NetBeans\NetBeans 6.9\enterprise\modules\ext\rest\jersey-spring-1.1.5.1.jar;E:\ProgramFiles\NetBeans\NetBeans 6.9\enterprise\modules\ext\rest\jettison-1.1.jar;E:\ProgramFiles\NetBeans\NetBeans 6.9\enterprise\modules\ext\rest\oauth-client-1.1.5.1.jar;E:\ProgramFiles\NetBeans\NetBeans 6.9\enterprise\modules\ext\rest\oauth-signature-1.1.5.1.jar;E:\ProgramFiles\NetBeans\NetBeans 6.9\ide\modules\ext\jaxb\activation.jar;E:\ProgramFiles\NetBeans\NetBeans 6.9\ide\modules\ext\jaxb\api\jaxb-api.jar;E:\ProgramFiles\NetBeans\NetBeans 6.9\ide\modules\ext\jaxb\api\jsr173_api.jar" />
    <property name="libs.MySQLDriver.maven-pom" value="" />
    <property name="http.nonProxyHosts" value="localhost|127.0.0.1|ltw7-engg-rajesh" />
    <property name="libs.junit_4.javadoc" value="E:\ProgramFiles\NetBeans\NetBeans 6.9\java\docs\junit-4.5-api.zip" />
    <property name="libs.spring-webmvc.javadoc" value="" />
    <property name="libs.toplink.src" value="" />
    <property name="libs.javaee-web-api-6.0.maven-pom" value="" />
    <property name="run.classpath" value="E:\zip\easymock-2.5.2\easymock-2.5.2.jar:E:\ProgramFiles\NetBeans\NetBeans 6.9\platform\modules\ext\junit-4.5.jar:build/classes" />
    <property name="libs.hibernate-support.src" value="" />
    <property name="libs.javaee-endorsed-api-6.0.javadoc" value="E:\ProgramFiles\NetBeans\NetBeans 6.9\enterprise\docs\javaee6-doc-api.zip" />
    <property name="libs.spring-webmvc3.0.javadoc" value="" />
    <property name="annotation.processing.enabled.in.editor" value="false" />
    <property name="libs.restapi.src" value="" />
    <property name="sun.management.compiler" value="HotSpot 64-Bit Server Compiler" />
    <property name="javac.deprecation" value="false" />
    <property name="javadoc.use" value="true" />
    <property name="jna.boot.library.path" value="C:\Users\somasundaram\.netbeans\6.9\var\cache\jna" />
    <property name="sun.java2d.noddraw" value="true" />
    <property name="libs.jsp-compiler.classpath" value="E:\ProgramFiles\NetBeans\NetBeans 6.9\enterprise\ant\extra\jspcompile.jar" />
    <property name="javac.processorpath" value="E:\zip\easymock-2.5.2\easymock-2.5.2.jar:E:\ProgramFiles\NetBeans\NetBeans 6.9\platform\modules\ext\junit-4.5.jar" />
    <property name="libs.spring-webmvc.classpath" value="E:\ProgramFiles\NetBeans\NetBeans 6.9\enterprise\modules\ext\spring\spring-webmvc-2.5.6.SEC01.jar" />
    <property name="javac.compilerargs" value="" />
    <property name="ant.file" value="E:\Workspaces\MySpace\NetBeansProjects\EasyMockProject\build.xml" />
    <property name="libs.beans-binding.maven-pom" value="" />
    <property name="libs.jsf12.classpath" value="E:\ProgramFiles\NetBeans\NetBeans 6.9\enterprise\modules\ext\jsf-1_2\commons-beanutils.jar;E:\ProgramFiles\NetBeans\NetBeans 6.9\enterprise\modules\ext\jsf-1_2\commons-collections.jar;E:\ProgramFiles\NetBeans\NetBeans 6.9\enterprise\modules\ext\jsf-1_2\commons-digester.jar;E:\ProgramFiles\NetBeans\NetBeans 6.9\enterprise\modules\ext\jsf-1_2\commons-logging.jar;E:\ProgramFiles\NetBeans\NetBeans 6.9\enterprise\modules\ext\jsf-1_2\jsf-api.jar;E:\ProgramFiles\NetBeans\NetBeans 6.9\enterprise\modules\ext\jsf-1_2\jsf-impl.jar" />
    <property name="sun.awt.exception.handler" value="org.netbeans.core.startup.TopLogging$AWTHandler" />
    <property name="libs.restapi.maven-pom" value="" />
    <property name="libs.beans-binding.src" value="" />
    <property name="java.vm.specification.vendor" value="Sun Microsystems Inc." />
    <property name="libs.swing-layout.src" value="E:\ProgramFiles\NetBeans\NetBeans 6.9\platform\docs\swing-layout-1.0.4-src.zip" />
    <property name="org.openide.major.version" value="IDE/1" />
    <property name="java.vm.name" value="Java HotSpot(TM) 64-Bit Server VM" />
    <property name="netbeans.user" value="C:\Users\somasundaram\.netbeans\6.9" />
    <property name="javadoc.additionalparam" value="" />
    <property name="java.io.tmpdir" value="C:\Users\SOMASU~1\AppData\Local\Temp\" />
    <property name="java.vendor.url" value="http://java.sun.com/" />
    <property name="endorsed.classpath.cmd.line.arg" value="-Xbootclasspath/p:&apos;E:\Workspaces\MySpace\NetBeansProjects\EasyMockProject\${endorsed.classpath}&apos;" />
    <property name="ant.file.type.EasyMockProject-impl" value="file" />
    <property name="libs.jsp-compiler.src" value="" />
    <property name="sun.boot.library.path" value="C:\Program Files\Java\jdk1.6.0_20\jre\bin" />
    <property name="have.sources" value="true" />
    <property name="debug.classpath" value="E:\zip\easymock-2.5.2\easymock-2.5.2.jar:E:\ProgramFiles\NetBeans\NetBeans 6.9\platform\modules\ext\junit-4.5.jar:build/classes" />
    <property name="javadoc.private" value="false" />
    <property name="test.src.dir" value="test" />
    <property name="libs.jsf20.classpath" value="E:\ProgramFiles\NetBeans\NetBeans 6.9\enterprise\modules\ext\jsf-2_0\jsf-api.jar;E:\ProgramFiles\NetBeans\NetBeans 6.9\enterprise\modules\ext\jsf-2_0\jsf-impl.jar" />
    <property name="meta.inf.dir" value="src/META-INF" />
    <property name="javadoc.encoding.used" value="UTF-8" />
    <property name="dist.jar" value="dist/EasyMockProject.jar" />
    <property name="java.runtime.name" value="Java(TM) SE Runtime Environment" />
    <property name="ant.project.name" value="EasyMockProject" />
    <property name="netbeans.hash.code" value="unique=NB_JAVA_WEBEE095d6ea78-78d4-4238-be3d-27b374cb76f8_05300662-a504-4f73-8f45-b57393f69bd5" />
    <property name="sun.cpu.isalist" value="amd64" />
    <property name="libs.CopyLibs.javadoc" value="" />
    <property name="org.openide.specification.version" value="6.2" />
    <property name="libs.hibernate-support.classpath" value="E:\ProgramFiles\NetBeans\NetBeans 6.9\java\modules\ext\hibernate\antlr-2.7.6.jar;E:\ProgramFiles\NetBeans\NetBeans 6.9\java\modules\ext\hibernate\asm.jar;E:\ProgramFiles\NetBeans\NetBeans 6.9\java\modules\ext\hibernate\asm-attrs.jar;E:\ProgramFiles\NetBeans\NetBeans 6.9\java\modules\ext\hibernate\cglib-2.1.3.jar;E:\ProgramFiles\NetBeans\NetBeans 6.9\java\modules\ext\hibernate\commons-collections-2.1.1.jar;E:\ProgramFiles\NetBeans\NetBeans 6.9\ide\modules\ext\commons-logging-1.1.jar;E:\ProgramFiles\NetBeans\NetBeans 6.9\java\modules\ext\hibernate\dom4j-1.6.1.jar;E:\ProgramFiles\NetBeans\NetBeans 6.9\java\modules\ext\hibernate\ehcache-1.2.3.jar;E:\ProgramFiles\NetBeans\NetBeans 6.9\java\modules\ext\hibernate\jdbc2_0-stdext.jar;E:\ProgramFiles\NetBeans\NetBeans 6.9\java\modules\ext\hibernate\jta.jar;E:\ProgramFiles\NetBeans\NetBeans 6.9\java\modules\ext\hibernate\hibernate3.jar;E:\ProgramFiles\NetBeans\NetBeans 6.9\java\modules\ext\hibernate\hibernate-tools.jar;E:\ProgramFiles\NetBeans\NetBeans 6.9\java\modules\ext\hibernate\hibernate-annotations.jar;E:\ProgramFiles\NetBeans\NetBeans 6.9\java\modules\ext\hibernate\hibernate-commons-annotations.jar;E:\ProgramFiles\NetBeans\NetBeans 6.9\java\modules\ext\hibernate\hibernate-entitymanager.jar;E:\ProgramFiles\NetBeans\NetBeans 6.9\java\modules\ext\hibernate\javassist.jar" />
    <property name="user.home" value="C:\Users\somasundaram" />
    <property name="annotation.processing.processors.list" value="" />
    <property name="debug-args-line" value="-Xdebug" />
    <property name="libs.javaee-api-6.0.maven-pom" value="" />
    <property name="libs.JWSAntTasks.src" value="" />
    <property name="jar.index" value="false" />
    <property name="libs.CopyLibs.maven-pom" value="" />
    <property name="libs.spring-framework300.javadoc" value="" />
    <property name="libs.hibernate-persistence.maven-pom" value="" />
    <property name="libs.absolutelayout.javadoc" value="" />
    <property name="java.specification.name" value="Java Platform API Specification" />
    <property name="libs.swing-app-framework.maven-pom" value="" />
    <property name="java.specification.vendor" value="Sun Microsystems Inc." />
    <property name="libs.javac-api.classpath" value="E:\ProgramFiles\NetBeans\NetBeans 6.9\java\modules\ext\javac-api-nb-7.0-b07.jar" />
    <property name="java.version" value="1.6.0_20" />
    <property name="javadoc.version" value="false" />
    <property name="libs.MySQLDriver.javadoc" value="" />
    <property name="org.openide.version" value="deprecated" />
    <property name="source.encoding" value="UTF-8" />
    <property name="ap.cmd.line.internal" value="" />
    <property name="libs.junit.maven-pom" value="" />
    <property name="libs.metro.javadoc" value="E:\ProgramFiles\NetBeans\NetBeans 6.9\enterprise\docs\metro-1.4-doc.zip" />
    <property name="libs.struts.maven-pom" value="" />
    <property name="netbeans.home+have.tests" value="true" />
    <property name="annotation.processing.processor.options" value="" />
    <property name="libs.IdentityAntTasks.maven-pom" value="" />
    <property name="libs.jaxb.src" value="" />
    <property name="work.dir" value="E:\Workspaces\MySpace\NetBeansProjects\EasyMockProject" />
    <property name="libs.jaxb.classpath" value="E:\ProgramFiles\NetBeans\NetBeans 6.9\ide\modules\ext\jaxb\jaxb-impl.jar;E:\ProgramFiles\NetBeans\NetBeans 6.9\ide\modules\ext\jaxb\jaxb-xjc.jar;E:\ProgramFiles\NetBeans\NetBeans 6.9\ide\modules\ext\jaxb\jaxb1-impl.jar;E:\ProgramFiles\NetBeans\NetBeans 6.9\ide\modules\ext\jaxb\activation.jar;E:\ProgramFiles\NetBeans\NetBeans 6.9\ide\modules\ext\jaxb\api\jaxb-api.jar;E:\ProgramFiles\NetBeans\NetBeans 6.9\ide\modules\ext\jaxb\api\jsr173_api.jar" />
    <property name="do.depend" value="false" />
    <property name="dist.javadoc.dir" value="dist/javadoc" />
    <property name="libs.swing-layout.classpath" value="E:\ProgramFiles\NetBeans\NetBeans 6.9\platform\modules\ext\swing-layout-1.0.4.jar" />
    <property name="libs.spring-webmvc3.0.classpath" value="E:\ProgramFiles\NetBeans\NetBeans 6.9\java\modules\ext\spring-3.0\spring-webmvc-3.0.2.RELEASE.jar" />
    <property name="libs.restlib.src" value="" />
    <property name="build.generated.dir" value="build/generated" />
    <property name="javac.source" value="1.5" />
    <property name="libs.hibernate-persistence.src" value="" />
    <property name="line.separator" value="
" />
    <property name="java.specification.version" value="1.6" />
    <property name="ant.file.EasyMockProject" value="E:\Workspaces\MySpace\NetBeansProjects\EasyMockProject\build.xml" />
    <property name="libs.jaxws21.maven-pom" value="" />
    <property name="java.vm.info" value="mixed mode" />
    <property name="libs.spring-framework.maven-pom" value="" />
    <property name="sun.boot.class.path" value="E:\Workspaces\MySpace\NetBeansProjects\EasyMockProject\${endorsed.classpath};C:\Program Files\Java\jdk1.6.0_20\jre\lib\resources.jar;C:\Program Files\Java\jdk1.6.0_20\jre\lib\rt.jar;C:\Program Files\Java\jdk1.6.0_20\jre\lib\sunrsasign.jar;C:\Program Files\Java\jdk1.6.0_20\jre\lib\jsse.jar;C:\Program Files\Java\jdk1.6.0_20\jre\lib\jce.jar;C:\Program Files\Java\jdk1.6.0_20\jre\lib\charsets.jar;C:\Program Files\Java\jdk1.6.0_20\jre\classes" />
    <property name="javac.target" value="1.5" />
    <property name="built-jar.properties" value="E:\Workspaces\MySpace\NetBeansProjects\EasyMockProject\build\built-jar.properties" />
    <property name="file.reference.easymock-2.5.2.jar" value="E:\zip\easymock-2.5.2\easymock-2.5.2.jar" />
    <property name="build.test.classes.dir" value="build/test/classes" />
    <property name="src.dir" value="src" />
    <property name="libs.IdentityAntTasks.javadoc" value="" />
    <property name="annotation.processing.enabled" value="true" />
    <property name="sun.awt.keepWorkingSetOnMinimize" value="true" />
    <property name="libs.jsf20.src" value="" />
    <property name="libs.jsf12.src" value="" />
    <property name="libs.struts.javadoc" value="E:\ProgramFiles\NetBeans\NetBeans 6.9\enterprise\docs\struts-1.3.8-javadoc.zip" />
    <property name="dist.dir" value="dist" />
    <property name="do.archive+manifest.available+main.class" value="true" />
    <property name="javac.fork" value="false" />
    <property name="java.awt.printerjob" value="sun.awt.windows.WPrinterJob" />
    <property name="default.javac.source" value="1.6" />
    <property name="debug-transport-by-os" value="dt_shmem" />
    <property name="libs.MySQLDriver.src" value="" />
    <property name="sun.jnu.encoding" value="Cp1252" />
    <property name="java.runtime.version" value="1.6.0_20-b02" />
    <property name="build.test.results.dir" value="build/test/results" />
    <property name="libs.ejb3-persistence.javadoc" value="" />
    <property name="manifest.available+main.class+mkdist.available" value="true" />
    <property name="default.javac.target" value="1.6" />
    <property name="libs.junit_4.classpath" value="E:\ProgramFiles\NetBeans\NetBeans 6.9\platform\modules\ext\junit-4.5.jar" />
    <property name="user.timezone" value="" />
    <property name="libs.javaee-endorsed-api-6.0.maven-pom" value="" />
    <property name="netbeans.dirs" value="E:\ProgramFiles\NetBeans\NetBeans 6.9\nb;E:\ProgramFiles\NetBeans\NetBeans 6.9\ide;E:\ProgramFiles\NetBeans\NetBeans 6.9\java;E:\ProgramFiles\NetBeans\NetBeans 6.9\ergonomics;E:\ProgramFiles\NetBeans\NetBeans 6.9\xml;E:\ProgramFiles\NetBeans\NetBeans 6.9\apisupport;E:\ProgramFiles\NetBeans\NetBeans 6.9\webcommon;E:\ProgramFiles\NetBeans\NetBeans 6.9\websvccommon;E:\ProgramFiles\NetBeans\NetBeans 6.9\enterprise;E:\ProgramFiles\NetBeans\NetBeans 6.9\mobility;E:\ProgramFiles\NetBeans\NetBeans 6.9\profiler;E:\ProgramFiles\NetBeans\NetBeans 6.9\ruby;E:\ProgramFiles\NetBeans\NetBeans 6.9\python;E:\ProgramFiles\NetBeans\NetBeans 6.9\php;E:\ProgramFiles\NetBeans\NetBeans 6.9\visualweb;E:\ProgramFiles\NetBeans\NetBeans 6.9\soa;E:\ProgramFiles\NetBeans\NetBeans 6.9\identity;E:\ProgramFiles\NetBeans\NetBeans 6.9\uml;E:\ProgramFiles\NetBeans\NetBeans 6.9\harness;E:\ProgramFiles\NetBeans\NetBeans 6.9\cnd;E:\ProgramFiles\NetBeans\NetBeans 6.9\dlight;E:\ProgramFiles\NetBeans\NetBeans 6.9\groovy;E:\ProgramFiles\NetBeans\NetBeans 6.9\extra;E:\ProgramFiles\NetBeans\NetBeans 6.9\javafx;E:\ProgramFiles\NetBeans\NetBeans 6.9\javacard" />
    <property name="ant.file.type.EasyMockProject" value="file" />
    <property name="libs.jsf20.javadoc" value="E:\ProgramFiles\NetBeans\NetBeans 6.9\enterprise\docs\javaee6-doc-api.zip" />
    <property name="java.ext.dirs" value="C:\Program Files\Java\jdk1.6.0_20\jre\lib\ext;C:\Windows\Sun\Java\lib\ext" />
    <property name="libs.metro.src" value="" />
    <property name="libs.absolutelayout.classpath" value="E:\ProgramFiles\NetBeans\NetBeans 6.9\java\modules\ext\AbsoluteLayout.jar" />
    <property name="excludes" value="" />
    <property name="ant.file.EasyMockProject-impl" value="E:\Workspaces\MySpace\NetBeansProjects\EasyMockProject\nbproject\build-impl.xml" />
    <property name="libs.restlib.maven-pom" value="" />
    <property name="libs.metro.classpath" value="E:\ProgramFiles\NetBeans\NetBeans 6.9\ide\modules\ext\jaxb\activation.jar;E:\ProgramFiles\NetBeans\NetBeans 6.9\enterprise\modules\ext\metro\webservices-api.jar;E:\ProgramFiles\NetBeans\NetBeans 6.9\enterprise\modules\ext\metro\webservices-extra-api.jar;E:\ProgramFiles\NetBeans\NetBeans 6.9\enterprise\modules\ext\metro\webservices-extra.jar;E:\ProgramFiles\NetBeans\NetBeans 6.9\enterprise\modules\ext\metro\webservices-rt.jar;E:\ProgramFiles\NetBeans\NetBeans 6.9\enterprise\modules\ext\metro\webservices-tools.jar" />
    <property name="java.class.path" value="E:\zip\easymock-2.5.2\easymock-2.5.2.jar;E:\ProgramFiles\NetBeans\NetBeans 6.9\platform\modules\ext\junit-4.5.jar;E:\Workspaces\MySpace\NetBeansProjects\EasyMockProject\build\classes;E:\Workspaces\MySpace\NetBeansProjects\EasyMockProject\build\test\classes;E:\Workspaces\MySpace\NetBeansProjects\EasyMockProject;C:\Program Files (x86)\Java\jre1.5.0_12\lib\ext\QTJava.zip;E:\ProgramFiles\NetBeans\NetBeans 6.9\java\ant\lib\ant-launcher.jar;E:\ProgramFiles\NetBeans\NetBeans 6.9\java\ant\lib\ant.jar;E:\ProgramFiles\NetBeans\NetBeans 6.9\java\ant\patches\72080.jar" />
    <property name="apple.laf.useScreenMenuBar" value="true" />
    <property name="do.mkdist" value="true" />
    <property name="libs.absolutelayout.src" value="" />
    <property name="os.version" value="6.1" />
    <property name="application.args" value="" />
    <property name="main.class.available" value="true" />
    <property name="libs.toplink.javadoc" value="E:\ProgramFiles\NetBeans\NetBeans 6.9\enterprise\docs\javaee6-doc-api.zip" />
    <property name="sun.desktop" value="windows" />
    <property name="libs.restlib.javadoc" value="E:\ProgramFiles\NetBeans\NetBeans 6.9\enterprise\docs\jersey-client-1.1.5.1-javadoc.zip;E:\ProgramFiles\NetBeans\NetBeans 6.9\enterprise\docs\jersey-core-1.1.5.1-javadoc.zip;E:\ProgramFiles\NetBeans\NetBeans 6.9\enterprise\docs\jersey-json-1.1.5.1-javadoc.zip;E:\ProgramFiles\NetBeans\NetBeans 6.9\enterprise\docs\jersey-spring-1.1.5.1-javadoc.zip;E:\ProgramFiles\NetBeans\NetBeans 6.9\enterprise\docs\oauth-client-1.1.5.1-javadoc.zip;E:\ProgramFiles\NetBeans\NetBeans 6.9\enterprise\docs\oauth-signature-1.1.5.1-javadoc.zip" />
    <property name="libs.eclipselink.classpath" value="E:\ProgramFiles\NetBeans\NetBeans 6.9\java\modules\ext\eclipselink\eclipselink-2.0.2.jar;E:\ProgramFiles\NetBeans\NetBeans 6.9\java\modules\ext\eclipselink\eclipselink-javax.persistence-2.0.jar" />
    <property name="libs.beans-binding.javadoc" value="E:\ProgramFiles\NetBeans\NetBeans 6.9\java\docs\beansbinding-1.2.1-doc.zip" />
    <property name="java.awt.graphicsenv" value="sun.awt.Win32GraphicsEnvironment" />
    <property name="java.vm.vendor" value="Sun Microsystems Inc." />
    <property name="libs.CopyLibs.classpath" value="E:\ProgramFiles\NetBeans\NetBeans 6.9\java\ant\extra\org-netbeans-modules-java-j2seproject-copylibstask.jar" />
    <property name="libs.spring-framework300.classpath" value="E:\ProgramFiles\NetBeans\NetBeans 6.9\ide\modules\ext\commons-logging-1.1.jar;E:\ProgramFiles\NetBeans\NetBeans 6.9\java\modules\ext\cglib-2.2.jar;E:\ProgramFiles\NetBeans\NetBeans 6.9\java\modules\ext\spring-3.0\spring-aop-3.0.2.RELEASE.jar;E:\ProgramFiles\NetBeans\NetBeans 6.9\java\modules\ext\spring-3.0\spring-asm-3.0.2.RELEASE.jar;E:\ProgramFiles\NetBeans\NetBeans 6.9\java\modules\ext\spring-3.0\spring-aspects-3.0.2.RELEASE.jar;E:\ProgramFiles\NetBeans\NetBeans 6.9\java\modules\ext\spring-3.0\spring-beans-3.0.2.RELEASE.jar;E:\ProgramFiles\NetBeans\NetBeans 6.9\java\modules\ext\spring-3.0\spring-context-3.0.2.RELEASE.jar;E:\ProgramFiles\NetBeans\NetBeans 6.9\java\modules\ext\spring-3.0\spring-context-support-3.0.2.RELEASE.jar;E:\ProgramFiles\NetBeans\NetBeans 6.9\java\modules\ext\spring-3.0\spring-core-3.0.2.RELEASE.jar;E:\ProgramFiles\NetBeans\NetBeans 6.9\java\modules\ext\spring-3.0\spring-expression-3.0.2.RELEASE.jar;E:\ProgramFiles\NetBeans\NetBeans 6.9\java\modules\ext\spring-3.0\spring-instrument-3.0.2.RELEASE.jar;E:\ProgramFiles\NetBeans\NetBeans 6.9\java\modules\ext\spring-3.0\spring-instrument-tomcat-3.0.2.RELEASE.jar;E:\ProgramFiles\NetBeans\NetBeans 6.9\java\modules\ext\spring-3.0\spring-jdbc-3.0.2.RELEASE.jar;E:\ProgramFiles\NetBeans\NetBeans 6.9\java\modules\ext\spring-3.0\spring-jms-3.0.2.RELEASE.jar;E:\ProgramFiles\NetBeans\NetBeans 6.9\java\modules\ext\spring-3.0\spring-orm-3.0.2.RELEASE.jar;E:\ProgramFiles\NetBeans\NetBeans 6.9\java\modules\ext\spring-3.0\spring-oxm-3.0.2.RELEASE.jar;E:\ProgramFiles\NetBeans\NetBeans 6.9\java\modules\ext\spring-3.0\spring-test-3.0.2.RELEASE.jar;E:\ProgramFiles\NetBeans\NetBeans 6.9\java\modules\ext\spring-3.0\spring-tx-3.0.2.RELEASE.jar;E:\ProgramFiles\NetBeans\NetBeans 6.9\java\modules\ext\spring-3.0\spring-web-3.0.2.RELEASE.jar;E:\ProgramFiles\NetBeans\NetBeans 6.9\java\modules\ext\spring-3.0\spring-webmvc-portlet-3.0.2.RELEASE.jar;E:\ProgramFiles\NetBeans\NetBeans 6.9\java\modules\ext\spring-3.0\spring-webmvc-3.0.2.RELEASE.jar;E:\ProgramFiles\NetBeans\NetBeans 6.9\java\modules\ext\spring-3.0\spring-struts-3.0.2.RELEASE.jar" />
    <property name="libs.jsp-compiler.maven-pom" value="" />
    <property name="libs.spring-webmvc.maven-pom" value="" />
    <property name="run.jvmargs" value="" />
    <property name="libs.ejb3-persistence.classpath" value="E:\ProgramFiles\NetBeans\NetBeans 6.9\java\modules\ext\hibernate\ejb3-persistence.jar" />
    <property name="libs.spring-framework.javadoc" value="" />
    <property name="libs.PostgreSQLDriver.classpath" value="E:\ProgramFiles\NetBeans\NetBeans 6.9\ide\modules\ext\postgresql-8.3-603.jdbc3.jar" />
    <property name="libs.jsf12.maven-pom" value="" />
    <property name="libs.junit.src" value="" />
    <property name="annotation.processing.source.output" value="build/generated-sources/ap-source-output" />
    <property name="main.class" value="easymockproject.ClassTested" />
    <property name="libs.CopyLibs.src" value="" />
    <property name="build.dir" value="build" />
    <property name="libs.jsp-compilation.classpath" value="E:\ProgramFiles\NetBeans\NetBeans 6.9\java\ant\lib\ant.jar;E:\ProgramFiles\NetBeans\NetBeans 6.9\enterprise\modules\ext\servlet2.5-jsp2.1-api.jar;E:\ProgramFiles\NetBeans\NetBeans 6.9\enterprise\modules\ext\glassfish-jspparser-2.0.jar;E:\ProgramFiles\NetBeans\NetBeans 6.9\enterprise\modules\ext\glassfish-logging-2.0.jar;E:\ProgramFiles\NetBeans\NetBeans 6.9\ide\modules\ext\commons-logging-1.1.jar;E:\ProgramFiles\NetBeans\NetBeans 6.9\java\ant\lib\ant-launcher.jar" />
    <property name="ant.version" value="Apache Ant version 1.8.1 compiled on April 30 2010" />
    <property name="file.encoding" value="Cp1252" />
    <property name="build.classes.excludes" value="**/*.java,**/*.form" />
    <property name="javadoc.nonavbar" value="false" />
    <property name="platform.active" value="default_platform" />
    <property name="awt.toolkit" value="sun.awt.windows.WToolkit" />
  </properties>
  <testcase classname="easymockproject.ClassTestedTest" name="testAddCollaborator" time="0.02" />
  <testcase classname="easymockproject.ClassTestedTest" name="testAddDocumentMoreTimes" time="0.0050" />
  <testcase classname="easymockproject.ClassTestedTest" name="testMain" time="0.0" />
  <system-out><![CDATA[addCollaborator
addDocument
main
]]></system-out>
  <system-err><![CDATA[]]></system-err>
</testsuite>
